

Version:	3.50
CmdLine:	C:\Users\Wisss\Documents\NetBeansProjects\StudAttSystem\dist\Student Attendance System.exe --l4j-debug
JNI:		No
WOW64:		Yes
Working dir:	C:\Users\Wisss\Documents\NetBeansProjects\StudAttSystem\dist\.
Requires JDK:	No
Requires 64-Bit: No
Java min ver:	1.004.000
Java max ver:	1.023.000_002
Substitute:	JAVA_HOME = C:\Program Files\Java\jdk-23
Substitute:	PATH = C:\Program Files\Common Files\Oracle\Java\javapath;C:\Program Files (x86)\Common Files\Intel\Shared Libraries\redist\intel64\compiler;C:\Windows\system32;C:\Windows;C:\Windows\System32\Wbem;C:\Windows\System32\WindowsPowerShell\v1.0\;C:\Windows\System32\OpenSSH\;C:\Program Files (x86)\NVIDIA Corporation\PhysX\Common;C:\Program Files\NVIDIA Corporation\NVIDIA app\NvDLISR;C:\xampp\php;C:\Program Files\Java\jdk-23\bin;C:\Program Files\dotnet\;C:\Program Files\Git\cmd;C:\Users\Wisss\AppData\Local\Microsoft\WindowsApps;C:\Users\Wisss\AppData\Local\spicetify;E:\Microsoft VS Code\bin;C:\xampp\php;C:\Program Files\Java\jdk-23\bin;;C:\Program Files\Java\jdk-23\bin
JRE paths:	C:\Program Files\Java\jdk-23;C:\Program Files\Common Files\Oracle\Java\javapath;C:\Program Files (x86)\Common Files\Intel\Shared Libraries\redist\intel64\compiler;C:\Windows\system32;C:\Windows;C:\Windows\System32\Wbem;C:\Windows\System32\WindowsPowerShell\v1.0\;C:\Windows\System32\OpenSSH\;C:\Program Files (x86)\NVIDIA Corporation\PhysX\Common;C:\Program Files\NVIDIA Corporation\NVIDIA app\NvDLISR;C:\xampp\php;C:\Program Files\Java\jdk-23\bin;C:\Program Files\dotnet\;C:\Program Files\Git\cmd;C:\Users\Wisss\AppData\Local\Microsoft\WindowsApps;C:\Users\Wisss\AppData\Local\spicetify;E:\Microsoft VS Code\bin;C:\xampp\php;C:\Program Files\Java\jdk-23\bin;;C:\Program Files\Java\jdk-23\bin
Check launcher:	C:\Program Files\Java\jdk-23\bin\javaw.exe (OK)
Version string: 1.023.000_002 / 64-Bit (OK)
Main class:	prototype.Login
Add classpath:	lib\core-3.5.3.jar
Add classpath:	lib\AbsoluteLayout.jar
Add classpath:	lib\javase-3.5.3.jar
Add classpath:	lib\mysql-connector-j-9.1.0.jar
Add classpath:	lib\jcalendar-1.4.jar
Add classpath:	lib\itextpdf-5.5.13.4.jar
Add classpath:	lib\jfreechart-1.0.19.jar
Add classpath:	lib\jcommon-1.0.23.jar
Add classpath:	lib\commons-collections4-4.4.jar
Add classpath:	lib\commons-compress-1.21.jar
Add classpath:	lib\commons-io-2.18.0.jar
Add classpath:	lib\log4j-api-2.20.0.jar
Add classpath:	lib\log4j-core-2.20.0.jar
Add classpath:	lib\poi-ooxml-5.2.3.jar
Add classpath:	lib\poi-ooxml-lite-5.2.3.jar
Add classpath:	lib\xmlbeans-5.1.1.jar
Add classpath:	lib\poi-5.2.3.jar
Add classpath:	lib\commons-lang3-3.17.0.jar
Add classpath:	lib\opencsv-5.9.jar
Launcher:	C:\Program Files\Java\jdk-23\bin\javaw.exe
Launcher args:	-classpath "C:\Users\Wisss\Documents\NetBeansProjects\StudAttSystem\dist\Student Attendance System.exe;lib\core-3.5.3.jar;lib\AbsoluteLayout.jar;lib\javase-3.5.3.jar;lib\mysql-connector-j-9.1.0.jar;lib\jcalendar-1.4.jar;lib\itextpdf-5.5.13.4.jar;lib\jfreechart-1.0.19.jar;lib\jcommon-1.0.23.jar;lib\commons-collections4-4.4.jar;lib\commons-compress-1.21.jar;lib\commons-io-2.18.0.jar;lib\log4j-api-2.20.0.jar;lib\log4j-core-2.20.0.jar;lib\poi-ooxml-5.2.3.jar;lib\poi-ooxml-lite-5.2.3.jar;lib\xmlbeans-5.1.1.jar;lib\poi-5.2.3.jar;lib\commons-lang3-3.17.0.jar;lib\opencsv-5.9.jar" prototype.Login
Args length:	594/32768 chars
Exit code:	0


Version:	3.50
CmdLine:	C:\Users\Wisss\Documents\NetBeansProjects\StudAttSystem\dist\Student Attendance System.exe --l4j-debug
JNI:		No
WOW64:		Yes
Working dir:	C:\Users\Wisss\Documents\NetBeansProjects\StudAttSystem\dist\.
Requires JDK:	No
Requires 64-Bit: No
Java min ver:	1.004.000
Java max ver:	1.023.000_002
Substitute:	JAVA_HOME = C:\Program Files\Java\jdk-23
Substitute:	PATH = C:\Program Files\Common Files\Oracle\Java\javapath;C:\Program Files (x86)\Common Files\Intel\Shared Libraries\redist\intel64\compiler;C:\Windows\system32;C:\Windows;C:\Windows\System32\Wbem;C:\Windows\System32\WindowsPowerShell\v1.0\;C:\Windows\System32\OpenSSH\;C:\Program Files (x86)\NVIDIA Corporation\PhysX\Common;C:\Program Files\NVIDIA Corporation\NVIDIA app\NvDLISR;C:\xampp\php;C:\Program Files\Java\jdk-23\bin;C:\Program Files\dotnet\;C:\Program Files\Git\cmd;C:\Users\Wisss\AppData\Local\Microsoft\WindowsApps;C:\Users\Wisss\AppData\Local\spicetify;E:\Microsoft VS Code\bin;C:\xampp\php;C:\Program Files\Java\jdk-23\bin;;C:\Program Files\Java\jdk-23\bin
JRE paths:	C:\Program Files\Java\jdk-23;C:\Program Files\Common Files\Oracle\Java\javapath;C:\Program Files (x86)\Common Files\Intel\Shared Libraries\redist\intel64\compiler;C:\Windows\system32;C:\Windows;C:\Windows\System32\Wbem;C:\Windows\System32\WindowsPowerShell\v1.0\;C:\Windows\System32\OpenSSH\;C:\Program Files (x86)\NVIDIA Corporation\PhysX\Common;C:\Program Files\NVIDIA Corporation\NVIDIA app\NvDLISR;C:\xampp\php;C:\Program Files\Java\jdk-23\bin;C:\Program Files\dotnet\;C:\Program Files\Git\cmd;C:\Users\Wisss\AppData\Local\Microsoft\WindowsApps;C:\Users\Wisss\AppData\Local\spicetify;E:\Microsoft VS Code\bin;C:\xampp\php;C:\Program Files\Java\jdk-23\bin;;C:\Program Files\Java\jdk-23\bin
Check launcher:	C:\Program Files\Java\jdk-23\bin\javaw.exe (OK)
Version string: 1.023.000_002 / 64-Bit (OK)
Main class:	prototype.Login
Add classpath:	lib\core-3.5.3.jar
Add classpath:	lib\AbsoluteLayout.jar
Add classpath:	lib\javase-3.5.3.jar
Add classpath:	lib\mysql-connector-j-9.1.0.jar
Add classpath:	lib\jcalendar-1.4.jar
Add classpath:	lib\itextpdf-5.5.13.4.jar
Add classpath:	lib\jfreechart-1.0.19.jar
Add classpath:	lib\jcommon-1.0.23.jar
Add classpath:	lib\commons-collections4-4.4.jar
Add classpath:	lib\commons-compress-1.21.jar
Add classpath:	lib\commons-io-2.18.0.jar
Add classpath:	lib\log4j-api-2.20.0.jar
Add classpath:	lib\log4j-core-2.20.0.jar
Add classpath:	lib\poi-ooxml-5.2.3.jar
Add classpath:	lib\poi-ooxml-lite-5.2.3.jar
Add classpath:	lib\xmlbeans-5.1.1.jar
Add classpath:	lib\poi-5.2.3.jar
Add classpath:	lib\commons-lang3-3.17.0.jar
Add classpath:	lib\opencsv-5.9.jar
Launcher:	C:\Program Files\Java\jdk-23\bin\javaw.exe
Launcher args:	-classpath "C:\Users\Wisss\Documents\NetBeansProjects\StudAttSystem\dist\Student Attendance System.exe;lib\core-3.5.3.jar;lib\AbsoluteLayout.jar;lib\javase-3.5.3.jar;lib\mysql-connector-j-9.1.0.jar;lib\jcalendar-1.4.jar;lib\itextpdf-5.5.13.4.jar;lib\jfreechart-1.0.19.jar;lib\jcommon-1.0.23.jar;lib\commons-collections4-4.4.jar;lib\commons-compress-1.21.jar;lib\commons-io-2.18.0.jar;lib\log4j-api-2.20.0.jar;lib\log4j-core-2.20.0.jar;lib\poi-ooxml-5.2.3.jar;lib\poi-ooxml-lite-5.2.3.jar;lib\xmlbeans-5.1.1.jar;lib\poi-5.2.3.jar;lib\commons-lang3-3.17.0.jar;lib\opencsv-5.9.jar" prototype.Login
Args length:	594/32768 chars
Exit code:	0


Version:	3.50
CmdLine:	C:\Users\Wisss\Documents\NetBeansProjects\StudAttSystem\dist\Student Attendance System.exe --l4j-debug
JNI:		No
WOW64:		Yes
Working dir:	C:\Users\Wisss\Documents\NetBeansProjects\StudAttSystem\dist\.
Requires JDK:	No
Requires 64-Bit: No
Java min ver:	1.004.000
Java max ver:	1.023.000_002
Substitute:	JAVA_HOME = C:\Program Files\Java\jdk-23
Substitute:	PATH = C:\Program Files\Common Files\Oracle\Java\javapath;C:\Program Files (x86)\Common Files\Intel\Shared Libraries\redist\intel64\compiler;C:\Windows\system32;C:\Windows;C:\Windows\System32\Wbem;C:\Windows\System32\WindowsPowerShell\v1.0\;C:\Windows\System32\OpenSSH\;C:\Program Files (x86)\NVIDIA Corporation\PhysX\Common;C:\Program Files\NVIDIA Corporation\NVIDIA app\NvDLISR;C:\xampp\php;C:\Program Files\Java\jdk-23\bin;C:\Program Files\dotnet\;C:\Program Files\Git\cmd;C:\Users\Wisss\AppData\Local\Microsoft\WindowsApps;C:\Users\Wisss\AppData\Local\spicetify;E:\Microsoft VS Code\bin;C:\xampp\php;C:\Program Files\Java\jdk-23\bin;;C:\Program Files\Java\jdk-23\bin
JRE paths:	C:\Program Files\Java\jdk-23;C:\Program Files\Common Files\Oracle\Java\javapath;C:\Program Files (x86)\Common Files\Intel\Shared Libraries\redist\intel64\compiler;C:\Windows\system32;C:\Windows;C:\Windows\System32\Wbem;C:\Windows\System32\WindowsPowerShell\v1.0\;C:\Windows\System32\OpenSSH\;C:\Program Files (x86)\NVIDIA Corporation\PhysX\Common;C:\Program Files\NVIDIA Corporation\NVIDIA app\NvDLISR;C:\xampp\php;C:\Program Files\Java\jdk-23\bin;C:\Program Files\dotnet\;C:\Program Files\Git\cmd;C:\Users\Wisss\AppData\Local\Microsoft\WindowsApps;C:\Users\Wisss\AppData\Local\spicetify;E:\Microsoft VS Code\bin;C:\xampp\php;C:\Program Files\Java\jdk-23\bin;;C:\Program Files\Java\jdk-23\bin
Check launcher:	C:\Program Files\Java\jdk-23\bin\javaw.exe (OK)
Version string: 1.023.000_002 / 64-Bit (OK)
Launcher:	C:\Program Files\Java\jdk-23\bin\javaw.exe
Launcher args:	-jar "C:\Users\Wisss\Documents\NetBeansProjects\StudAttSystem\dist\Student Attendance System.exe"
Args length:	97/32768 chars
Exit code:	0
